<?xml version="1.0" encoding="UTF-8"?>
<testsuite xmlns:xsi="http://www.w3.org/2001/XMLSchema-instance" xsi:noNamespaceSchemaLocation="https://maven.apache.org/surefire/maven-surefire-plugin/xsd/surefire-test-report.xsd" name="TestSuite" time="13.103" tests="3" errors="0" skipped="0" failures="3">
  <properties>
[...]
</properties>
  <testcase name="Test_Creat_User_Already_Exist" classname="UserTests" time="2.318">
    <failure message="For input string: &quot;9000v1&quot;" type="java.net.MalformedURLException">java.net.MalformedURLException: For input string: "9000v1"
	at UserTests.Test_Creat_User_Already_Exist(UserTests.java:18)
Caused by: java.lang.NumberFormatException: For input string: "9000v1"
	at UserTests.Test_Creat_User_Already_Exist(UserTests.java:18)
</failure>
  </testcase>
  <testcase name="ATest_PING_ENDPOINT" classname="MiscTests" time="7.944">
    <failure message="Connection refused: connect" type="java.net.ConnectException">java.net.ConnectException: Connection refused: connect
	at MiscTests.ATest_PING_ENDPOINT(MiscTests.java:19)
</failure>
  </testcase>
  <testcase name="BTest_HomePage_Response" classname="MiscTests" time="4.026">
    <failure message="Connection refused: connect" type="java.net.ConnectException">java.net.ConnectException: Connection refused: connect
	at MiscTests.BTest_HomePage_Response(MiscTests.java:32)
</failure>
  </testcase>
</testsuite>