<?xml version="1.0" encoding="UTF-8"?>
<testng-results skipped="0" failed="0" ignored="0" total="3" passed="3">
  <reporter-output>
  </reporter-output>
  <suite name="heroku Execution" duration-ms="6642" started-at="2021-02-21T22:56:30Z" finished-at="2021-02-21T22:56:36Z">
    <groups>
    </groups>
    <test name="UserTests" duration-ms="5407" started-at="2021-02-21T22:56:30Z" finished-at="2021-02-21T22:56:35Z">
      <class name="UserTests">
        <test-method status="PASS" signature="setup(java.lang.String)[pri:0, instance:UserTests@42d3bd8b]" name="setup" is-config="true" duration-ms="1235" started-at="2021-02-21T22:56:30Z" finished-at="2021-02-21T22:56:31Z">
          <params>
            <param index="0">
              <value>
                <![CDATA[https://api-coffee-testing.herokuapp.com]]>
              </value>
            </param>
          </params>
          <reporter-output>
          </reporter-output>
        </test-method> <!-- setup -->
        <test-method status="PASS" signature="NegativeTest_Creating_User_Already_Exist()[pri:0, instance:UserTests@42d3bd8b]" name="NegativeTest_Creating_User_Already_Exist" duration-ms="4141" started-at="2021-02-21T22:56:31Z" finished-at="2021-02-21T22:56:35Z">
          <reporter-output>
          </reporter-output>
        </test-method> <!-- NegativeTest_Creating_User_Already_Exist -->
      </class> <!-- UserTests -->
    </test> <!-- UserTests -->
    <test name="MiscelaneosTest" duration-ms="1205" started-at="2021-02-21T22:56:35Z" finished-at="2021-02-21T22:56:36Z">
      <class name="MiscTests">
        <test-method status="PASS" signature="ATest_PING_ENDPOINT()[pri:0, instance:MiscTests@3a03464]" name="ATest_PING_ENDPOINT" duration-ms="618" started-at="2021-02-21T22:56:35Z" finished-at="2021-02-21T22:56:36Z">
          <reporter-output>
          </reporter-output>
        </test-method> <!-- ATest_PING_ENDPOINT -->
        <test-method status="PASS" signature="setup(java.lang.String)[pri:0, instance:MiscTests@3a03464]" name="setup" is-config="true" duration-ms="0" started-at="2021-02-21T22:56:35Z" finished-at="2021-02-21T22:56:35Z">
          <params>
            <param index="0">
              <value>
                <![CDATA[https://api-coffee-testing.herokuapp.com]]>
              </value>
            </param>
          </params>
          <reporter-output>
          </reporter-output>
        </test-method> <!-- setup -->
        <test-method status="PASS" signature="BTest_HomePage_Response()[pri:0, instance:MiscTests@3a03464]" name="BTest_HomePage_Response" duration-ms="587" started-at="2021-02-21T22:56:36Z" finished-at="2021-02-21T22:56:36Z">
          <reporter-output>
          </reporter-output>
        </test-method> <!-- BTest_HomePage_Response -->
        <test-method status="PASS" signature="setup(java.lang.String)[pri:0, instance:MiscTests@3a03464]" name="setup" is-config="true" duration-ms="0" started-at="2021-02-21T22:56:36Z" finished-at="2021-02-21T22:56:36Z">
          <params>
            <param index="0">
              <value>
                <![CDATA[https://api-coffee-testing.herokuapp.com]]>
              </value>
            </param>
          </params>
          <reporter-output>
          </reporter-output>
        </test-method> <!-- setup -->
      </class> <!-- MiscTests -->
    </test> <!-- MiscelaneosTest -->
  </suite> <!-- heroku Execution -->
</testng-results>
