<?xml version="1.0" encoding="UTF-8"?>
<!-- Generated by org.testng.reporters.JUnitXMLReporter -->
<testsuite hostname="DESKTOP-II4GI5H" ignored="0" tests="6" failures="0" timestamp="03 Mar 2021 00:48:18 GMT" time="10.095" errors="0">
  <testcase name="ATest_Create_Article_success" time="1.346" classname="ArticleTests"/>
  <testcase name="BTest_InvalidToken_Cant_Create_New_Article" time="0.645" classname="ArticleTests"/>
  <testcase name="CTest_Show_Article_success" time="1.462" classname="ArticleTests"/>
  <testcase name="DTest_Show_All_Articles_success" time="1.348" classname="ArticleTests"/>
  <testcase name="ETest_Articles_Schema" time="2.345" classname="ArticleTests"/>
  <testcase name="ZTest_Delete_Article_success" time="1.415" classname="ArticleTests"/>
</testsuite>
