<?xml version="1.0" encoding="UTF-8"?>
<!-- Generated by org.testng.reporters.JUnitXMLReporter -->
<testsuite hostname="DESKTOP-II4GI5H" ignored="0" tests="4" failures="0" timestamp="03 Mar 2021 00:48:41 GMT" time="5.615" errors="0">
  <testcase name="ATest_Create_Comment_success" time="0.771" classname="CommentsTest"/>
  <testcase name="BTest_Create_Comment_Fails" time="0.76" classname="CommentsTest"/>
  <testcase name="CTest_Create_Comment_FailbySecurity" time="0.745" classname="CommentsTest"/>
  <testcase name="DTest_ShowPost_success" time="0.735" classname="CommentsTest"/>
</testsuite>
