<?xml version="1.0" encoding="UTF-8"?>
<!-- Generated by org.testng.reporters.JUnitXMLReporter -->
<testsuite hostname="DESKTOP-II4GI5H" ignored="0" tests="15" failures="0" timestamp="07 Mar 2021 23:34:07 GMT" time="14.783" errors="0">
  <testcase name="ATest_Create_Comment_success" time="0.773" classname="CommentsTest"/>
  <testcase name="BTest_Create_Comment_Fails" time="0.638" classname="CommentsTest"/>
  <testcase name="CTest_Create_Comment_FailbySecurity" time="0.717" classname="CommentsTest"/>
  <testcase name="DTest_ShowComment_success" time="0.814" classname="CommentsTest"/>
  <testcase name="ETest_ShowComment_Fail" time="0.706" classname="CommentsTest"/>
  <testcase name="FTest_ShowComment_FailbySecurity" time="0.597" classname="CommentsTest"/>
  <testcase name="GTest_ShowAllComments_success" time="0.734" classname="CommentsTest"/>
  <testcase name="HTest_ShowAllComments_SchemaValidation" time="0.864" classname="CommentsTest"/>
  <testcase name="ITest_ShowAllComments_FailbySecurity" time="0.603" classname="CommentsTest"/>
  <testcase name="JTest_Edit_Comment_success" time="0.812" classname="CommentsTest"/>
  <testcase name="KTest_Edit_Comment_Fails" time="0.628" classname="CommentsTest"/>
  <testcase name="LTest_Edit_Comment_FailbySecurity" time="0.697" classname="CommentsTest"/>
  <testcase name="MTest_Delete_Comment_success" time="1.366" classname="CommentsTest"/>
  <testcase name="NTest_Delete_Comment_Fails" time="1.499" classname="CommentsTest"/>
  <testcase name="OTest_Delete_Comment_FailbySecurity" time="1.293" classname="CommentsTest"/>
</testsuite>
