<?xml version="1.0" encoding="UTF-8"?>
<!-- Generated by org.testng.reporters.JUnitXMLReporter -->
<testsuite hostname="DESKTOP-II4GI5H" ignored="0" tests="4" failures="0" timestamp="07 Mar 2021 23:33:20 GMT" time="8.881" errors="0">
  <testcase name="ATest_Create_User_Successful" time="5.121" classname="UserTests"/>
  <testcase name="BNegativeTest_Creating_User_Already_Exist" time="0.623" classname="UserTests"/>
  <testcase name="CTest_login_User_Successful" time="0.928" classname="UserTests"/>
  <testcase name="DTest_logOut_User_Successful" time="1.463" classname="UserTests"/>
</testsuite>
