<?xml version="1.0" encoding="UTF-8"?>
<!-- Generated by org.testng.reporters.JUnitXMLReporter -->
<testsuite hostname="DESKTOP-II4GI5H" ignored="0" tests="3" failures="0" timestamp="22 Feb 2021 06:17:29 GMT" time="6.931" errors="0">
  <testcase name="NegativeTest_Creating_User_Already_Exist" time="4.072" classname="UserTests"/>
  <testcase name="Test_Create_User_Successful" time="0.743" classname="UserTests"/>
  <testcase name="Test_login_User_Successful" time="0.821" classname="UserTests"/>
</testsuite>
